<?xml version="1.0" encoding="UTF-8"?>
<coverage generated="1749854786237" clover="3.2.0">
  <project timestamp="1749854786237" name="All files">
    <metrics statements="129" coveredstatements="126" conditionals="83" coveredconditionals="76" methods="29" coveredmethods="29" elements="241" coveredelements="231" complexity="0" loc="129" ncloc="129" packages="1" files="3" classes="3"/>
    <file name="fretboard-algorithm.js" path="/Users/donald/src/donald.merand.org/lib/unified-nps/src/core/fretboard-algorithm.js">
      <metrics statements="81" coveredstatements="80" conditionals="50" coveredconditionals="47" methods="10" coveredmethods="10"/>
      <line num="8" count="30" type="cond" truecount="2" falsecount="0"/>
      <line num="9" count="30" type="cond" truecount="2" falsecount="0"/>
      <line num="10" count="30" type="cond" truecount="2" falsecount="0"/>
      <line num="11" count="30" type="cond" truecount="2" falsecount="0"/>
      <line num="18" count="7" type="stmt"/>
      <line num="34" count="30" type="stmt"/>
      <line num="35" count="47" type="stmt"/>
      <line num="37" count="9" type="cond" truecount="2" falsecount="0"/>
      <line num="39" count="7" type="stmt"/>
      <line num="42" count="7" type="stmt"/>
      <line num="43" count="20" type="stmt"/>
      <line num="45" count="20" type="cond" truecount="2" falsecount="0"/>
      <line num="46" count="6" type="stmt"/>
      <line num="47" count="6" type="cond" truecount="2" falsecount="0"/>
      <line num="50" count="7" type="stmt"/>
      <line num="64" count="22" type="stmt"/>
      <line num="66" count="22" type="cond" truecount="1" falsecount="1"/>
      <line num="69" count="22" type="stmt"/>
      <line num="70" count="22" type="stmt"/>
      <line num="71" count="22" type="stmt"/>
      <line num="72" count="22" type="stmt"/>
      <line num="75" count="22" type="cond" truecount="2" falsecount="0"/>
      <line num="76" count="44" type="stmt"/>
      <line num="79" count="44" type="cond" truecount="2" falsecount="0"/>
      <line num="80" count="83" type="stmt"/>
      <line num="82" count="83" type="stmt"/>
      <line num="83" count="473" type="stmt"/>
      <line num="85" count="473" type="cond" truecount="2" falsecount="0"/>
      <line num="86" count="7" type="stmt"/>
      <line num="87" count="7" type="stmt"/>
      <line num="88" count="7" type="stmt"/>
      <line num="89" count="7" type="stmt"/>
      <line num="90" count="7" type="stmt"/>
      <line num="96" count="22" type="cond" truecount="2" falsecount="0"/>
      <line num="99" count="7" type="stmt"/>
      <line num="100" count="7" type="stmt"/>
      <line num="102" count="7" type="cond" truecount="2" falsecount="0"/>
      <line num="103" count="38" type="stmt"/>
      <line num="104" count="38" type="stmt"/>
      <line num="105" count="38" type="stmt"/>
      <line num="108" count="38" type="cond" truecount="2" falsecount="0"/>
      <line num="109" count="34" type="stmt"/>
      <line num="110" count="51" type="stmt"/>
      <line num="112" count="51" type="cond" truecount="2" falsecount="0"/>
      <line num="113" count="34" type="stmt"/>
      <line num="114" count="34" type="stmt"/>
      <line num="115" count="34" type="stmt"/>
      <line num="116" count="34" type="stmt"/>
      <line num="117" count="34" type="stmt"/>
      <line num="118" count="34" type="stmt"/>
      <line num="124" count="38" type="cond" truecount="4" falsecount="0"/>
      <line num="125" count="19" type="stmt"/>
      <line num="126" count="19" type="stmt"/>
      <line num="128" count="19" type="stmt"/>
      <line num="131" count="19" type="cond" truecount="2" falsecount="0"/>
      <line num="132" count="17" type="stmt"/>
      <line num="133" count="17" type="stmt"/>
      <line num="134" count="17" type="stmt"/>
      <line num="136" count="17" type="stmt"/>
      <line num="137" count="144" type="stmt"/>
      <line num="139" count="144" type="cond" truecount="2" falsecount="0"/>
      <line num="140" count="14" type="stmt"/>
      <line num="141" count="14" type="stmt"/>
      <line num="142" count="14" type="stmt"/>
      <line num="143" count="14" type="stmt"/>
      <line num="144" count="14" type="stmt"/>
      <line num="145" count="14" type="stmt"/>
      <line num="151" count="19" type="cond" truecount="2" falsecount="0"/>
      <line num="152" count="1" type="stmt"/>
      <line num="157" count="7" type="stmt"/>
      <line num="166" count="15" type="cond" truecount="2" falsecount="0"/>
      <line num="167" count="1" type="stmt"/>
      <line num="170" count="34" type="stmt"/>
      <line num="171" count="14" type="stmt"/>
      <line num="172" count="14" type="stmt"/>
      <line num="174" count="14" type="stmt"/>
      <line num="183" count="3" type="stmt"/>
      <line num="192" count="3" type="cond" truecount="2" falsecount="0"/>
      <line num="197" count="2" type="cond" truecount="3" falsecount="1"/>
      <line num="198" count="2" type="stmt"/>
      <line num="200" count="0" type="stmt"/>
    </file>
    <file name="musical-theory.js" path="/Users/donald/src/donald.merand.org/lib/unified-nps/src/core/musical-theory.js">
      <metrics statements="35" coveredstatements="34" conditionals="21" coveredconditionals="18" methods="11" coveredmethods="11"/>
      <line num="8" count="50" type="stmt"/>
      <line num="9" count="50" type="stmt"/>
      <line num="10" count="50" type="stmt"/>
      <line num="19" count="114" type="stmt"/>
      <line num="20" count="114" type="cond" truecount="2" falsecount="0"/>
      <line num="22" count="109" type="stmt"/>
      <line num="23" count="109" type="cond" truecount="4" falsecount="0"/>
      <line num="25" count="109" type="stmt"/>
      <line num="34" count="107" type="stmt"/>
      <line num="43" count="3" type="stmt"/>
      <line num="44" count="3" type="cond" truecount="3" falsecount="1"/>
      <line num="53" count="76" type="stmt"/>
      <line num="63" count="39" type="cond" truecount="2" falsecount="0"/>
      <line num="73" count="9" type="stmt"/>
      <line num="85" count="8" type="stmt"/>
      <line num="86" count="8" type="stmt"/>
      <line num="88" count="8" type="cond" truecount="2" falsecount="0"/>
      <line num="91" count="6" type="stmt"/>
      <line num="92" count="6" type="stmt"/>
      <line num="95" count="6" type="stmt"/>
      <line num="96" count="6" type="stmt"/>
      <line num="97" count="2" type="stmt"/>
      <line num="101" count="6" type="stmt"/>
      <line num="102" count="6" type="stmt"/>
      <line num="104" count="6" type="stmt"/>
      <line num="107" count="6" type="stmt"/>
      <line num="108" count="6" type="stmt"/>
      <line num="109" count="93" type="stmt"/>
      <line num="110" count="93" type="stmt"/>
      <line num="111" count="93" type="stmt"/>
      <line num="114" count="6" type="stmt"/>
      <line num="123" count="8" type="cond" truecount="2" falsecount="0"/>
      <line num="128" count="3" type="cond" truecount="3" falsecount="1"/>
      <line num="129" count="3" type="stmt"/>
      <line num="131" count="0" type="stmt"/>
    </file>
    <file name="scale-patterns.js" path="/Users/donald/src/donald.merand.org/lib/unified-nps/src/core/scale-patterns.js">
      <metrics statements="13" coveredstatements="12" conditionals="12" coveredconditionals="11" methods="8" coveredmethods="8"/>
      <line num="9" count="30" type="stmt"/>
      <line num="21" count="30" type="stmt"/>
      <line num="40" count="30" type="cond" truecount="2" falsecount="0"/>
      <line num="49" count="13" type="cond" truecount="2" falsecount="0"/>
      <line num="58" count="7" type="stmt"/>
      <line num="59" count="32" type="cond" truecount="2" falsecount="0"/>
      <line num="60" count="34" type="stmt"/>
      <line num="63" count="7" type="cond" truecount="2" falsecount="0"/>
      <line num="71" count="2" type="stmt"/>
      <line num="80" count="7" type="stmt"/>
      <line num="85" count="2" type="cond" truecount="3" falsecount="1"/>
      <line num="86" count="2" type="stmt"/>
      <line num="88" count="0" type="stmt"/>
    </file>
  </project>
</coverage>
