{"/Users/donald/src/donald.merand.org/lib/unified-nps/src/core/fretboard-algorithm.js": {"path":"/Users/donald/src/donald.merand.org/lib/unified-nps/src/core/fretboard-algorithm.js","statementMap":{"0":{"start":{"line":8,"column":4},"end":{"line":8,"column":41}},"1":{"start":{"line":9,"column":4},"end":{"line":9,"column":48}},"2":{"start":{"line":10,"column":4},"end":{"line":10,"column":60}},"3":{"start":{"line":11,"column":4},"end":{"line":11,"column":60}},"4":{"start":{"line":18,"column":4},"end":{"line":22,"column":6}},"5":{"start":{"line":34,"column":25},"end":{"line":34,"column":74}},"6":{"start":{"line":34,"column":44},"end":{"line":34,"column":73}},"7":{"start":{"line":35,"column":25},"end":{"line":35,"column":79}},"8":{"start":{"line":35,"column":49},"end":{"line":35,"column":78}},"9":{"start":{"line":37,"column":4},"end":{"line":37,"column":45}},"10":{"start":{"line":37,"column":35},"end":{"line":37,"column":45}},"11":{"start":{"line":39,"column":22},"end":{"line":39,"column":24}},"12":{"start":{"line":42,"column":4},"end":{"line":49,"column":5}},"13":{"start":{"line":42,"column":25},"end":{"line":42,"column":26}},"14":{"start":{"line":43,"column":22},"end":{"line":43,"column":120}},"15":{"start":{"line":45,"column":6},"end":{"line":48,"column":7}},"16":{"start":{"line":46,"column":8},"end":{"line":46,"column":30}},"17":{"start":{"line":47,"column":8},"end":{"line":47,"column":62}},"18":{"start":{"line":47,"column":56},"end":{"line":47,"column":62}},"19":{"start":{"line":50,"column":4},"end":{"line":50,"column":23}},"20":{"start":{"line":64,"column":23},"end":{"line":64,"column":25}},"21":{"start":{"line":66,"column":4},"end":{"line":66,"column":53}},"22":{"start":{"line":66,"column":35},"end":{"line":66,"column":53}},"23":{"start":{"line":69,"column":29},"end":{"line":69,"column":44}},"24":{"start":{"line":70,"column":25},"end":{"line":70,"column":30}},"25":{"start":{"line":71,"column":29},"end":{"line":71,"column":30}},"26":{"start":{"line":72,"column":22},"end":{"line":72,"column":34}},"27":{"start":{"line":75,"column":4},"end":{"line":94,"column":5}},"28":{"start":{"line":75,"column":25},"end":{"line":75,"column":37}},"29":{"start":{"line":76,"column":22},"end":{"line":76,"column":78}},"30":{"start":{"line":79,"column":6},"end":{"line":93,"column":7}},"31":{"start":{"line":79,"column":29},"end":{"line":79,"column":30}},"32":{"start":{"line":80,"column":32},"end":{"line":80,"column":57}},"33":{"start":{"line":82,"column":8},"end":{"line":92,"column":9}},"34":{"start":{"line":82,"column":24},"end":{"line":82,"column":57}},"35":{"start":{"line":83,"column":28},"end":{"line":83,"column":50}},"36":{"start":{"line":85,"column":10},"end":{"line":91,"column":11}},"37":{"start":{"line":86,"column":12},"end":{"line":86,"column":49}},"38":{"start":{"line":87,"column":12},"end":{"line":87,"column":45}},"39":{"start":{"line":88,"column":12},"end":{"line":88,"column":31}},"40":{"start":{"line":89,"column":12},"end":{"line":89,"column":34}},"41":{"start":{"line":90,"column":12},"end":{"line":90,"column":18}},"42":{"start":{"line":96,"column":4},"end":{"line":96,"column":43}},"43":{"start":{"line":96,"column":25},"end":{"line":96,"column":43}},"44":{"start":{"line":99,"column":22},"end":{"line":99,"column":23}},"45":{"start":{"line":100,"column":31},"end":{"line":100,"column":32}},"46":{"start":{"line":102,"column":4},"end":{"line":155,"column":5}},"47":{"start":{"line":103,"column":26},"end":{"line":103,"column":51}},"48":{"start":{"line":104,"column":30},"end":{"line":104,"column":62}},"49":{"start":{"line":105,"column":22},"end":{"line":105,"column":27}},"50":{"start":{"line":108,"column":6},"end":{"line":121,"column":7}},"51":{"start":{"line":109,"column":8},"end":{"line":120,"column":9}},"52":{"start":{"line":109,"column":24},"end":{"line":109,"column":39}},"53":{"start":{"line":110,"column":28},"end":{"line":110,"column":50}},"54":{"start":{"line":112,"column":10},"end":{"line":119,"column":11}},"55":{"start":{"line":113,"column":12},"end":{"line":113,"column":56}},"56":{"start":{"line":114,"column":12},"end":{"line":114,"column":31}},"57":{"start":{"line":115,"column":12},"end":{"line":115,"column":35}},"58":{"start":{"line":116,"column":12},"end":{"line":116,"column":26}},"59":{"start":{"line":117,"column":12},"end":{"line":117,"column":29}},"60":{"start":{"line":118,"column":12},"end":{"line":118,"column":18}},"61":{"start":{"line":124,"column":6},"end":{"line":154,"column":7}},"62":{"start":{"line":125,"column":8},"end":{"line":125,"column":29}},"63":{"start":{"line":126,"column":8},"end":{"line":126,"column":33}},"64":{"start":{"line":128,"column":8},"end":{"line":128,"column":51}},"65":{"start":{"line":131,"column":8},"end":{"line":148,"column":9}},"66":{"start":{"line":132,"column":37},"end":{"line":132,"column":69}},"67":{"start":{"line":133,"column":37},"end":{"line":133,"column":62}},"68":{"start":{"line":134,"column":28},"end":{"line":134,"column":56}},"69":{"start":{"line":136,"column":10},"end":{"line":147,"column":11}},"70":{"start":{"line":136,"column":26},"end":{"line":136,"column":35}},"71":{"start":{"line":137,"column":30},"end":{"line":137,"column":55}},"72":{"start":{"line":139,"column":12},"end":{"line":146,"column":13}},"73":{"start":{"line":140,"column":14},"end":{"line":140,"column":58}},"74":{"start":{"line":141,"column":14},"end":{"line":141,"column":33}},"75":{"start":{"line":142,"column":14},"end":{"line":142,"column":39}},"76":{"start":{"line":143,"column":14},"end":{"line":143,"column":28}},"77":{"start":{"line":144,"column":14},"end":{"line":144,"column":31}},"78":{"start":{"line":145,"column":14},"end":{"line":145,"column":20}},"79":{"start":{"line":151,"column":8},"end":{"line":153,"column":9}},"80":{"start":{"line":152,"column":10},"end":{"line":152,"column":24}},"81":{"start":{"line":157,"column":4},"end":{"line":157,"column":22}},"82":{"start":{"line":166,"column":4},"end":{"line":168,"column":5}},"83":{"start":{"line":167,"column":6},"end":{"line":167,"column":20}},"84":{"start":{"line":170,"column":18},"end":{"line":170,"column":55}},"85":{"start":{"line":170,"column":50},"end":{"line":170,"column":54}},"86":{"start":{"line":171,"column":20},"end":{"line":171,"column":77}},"87":{"start":{"line":172,"column":20},"end":{"line":172,"column":64}},"88":{"start":{"line":174,"column":4},"end":{"line":174,"column":30}},"89":{"start":{"line":183,"column":4},"end":{"line":183,"column":59}},"90":{"start":{"line":192,"column":4},"end":{"line":192,"column":65}},"91":{"start":{"line":197,"column":0},"end":{"line":201,"column":1}},"92":{"start":{"line":198,"column":2},"end":{"line":198,"column":38}},"93":{"start":{"line":200,"column":2},"end":{"line":200,"column":49}}},"fnMap":{"0":{"name":"(anonymous_0)","decl":{"start":{"line":7,"column":2},"end":{"line":7,"column":3}},"loc":{"start":{"line":7,"column":28},"end":{"line":12,"column":3}},"line":7},"1":{"name":"(anonymous_1)","decl":{"start":{"line":17,"column":2},"end":{"line":17,"column":3}},"loc":{"start":{"line":17,"column":30},"end":{"line":23,"column":3}},"line":17},"2":{"name":"(anonymous_2)","decl":{"start":{"line":33,"column":2},"end":{"line":33,"column":3}},"loc":{"start":{"line":33,"column":64},"end":{"line":51,"column":3}},"line":33},"3":{"name":"(anonymous_3)","decl":{"start":{"line":34,"column":36},"end":{"line":34,"column":37}},"loc":{"start":{"line":34,"column":44},"end":{"line":34,"column":73}},"line":34},"4":{"name":"(anonymous_4)","decl":{"start":{"line":35,"column":41},"end":{"line":35,"column":42}},"loc":{"start":{"line":35,"column":49},"end":{"line":35,"column":78}},"line":35},"5":{"name":"(anonymous_5)","decl":{"start":{"line":63,"column":2},"end":{"line":63,"column":3}},"loc":{"start":{"line":63,"column":103},"end":{"line":158,"column":3}},"line":63},"6":{"name":"(anonymous_6)","decl":{"start":{"line":165,"column":2},"end":{"line":165,"column":3}},"loc":{"start":{"line":165,"column":36},"end":{"line":175,"column":3}},"line":165},"7":{"name":"(anonymous_7)","decl":{"start":{"line":170,"column":36},"end":{"line":170,"column":37}},"loc":{"start":{"line":170,"column":50},"end":{"line":170,"column":54}},"line":170},"8":{"name":"(anonymous_8)","decl":{"start":{"line":182,"column":2},"end":{"line":182,"column":3}},"loc":{"start":{"line":182,"column":35},"end":{"line":184,"column":3}},"line":182},"9":{"name":"(anonymous_9)","decl":{"start":{"line":191,"column":2},"end":{"line":191,"column":3}},"loc":{"start":{"line":191,"column":31},"end":{"line":193,"column":3}},"line":191}},"branchMap":{"0":{"loc":{"start":{"line":7,"column":14},"end":{"line":7,"column":26}},"type":"default-arg","locations":[{"start":{"line":7,"column":24},"end":{"line":7,"column":26}}],"line":7},"1":{"loc":{"start":{"line":8,"column":19},"end":{"line":8,"column":40}},"type":"binary-expr","locations":[{"start":{"line":8,"column":19},"end":{"line":8,"column":34}},{"start":{"line":8,"column":38},"end":{"line":8,"column":40}}],"line":8},"2":{"loc":{"start":{"line":9,"column":23},"end":{"line":9,"column":47}},"type":"binary-expr","locations":[{"start":{"line":9,"column":23},"end":{"line":9,"column":42}},{"start":{"line":9,"column":46},"end":{"line":9,"column":47}}],"line":9},"3":{"loc":{"start":{"line":10,"column":30},"end":{"line":10,"column":59}},"type":"binary-expr","locations":[{"start":{"line":10,"column":30},"end":{"line":10,"column":54}},{"start":{"line":10,"column":58},"end":{"line":10,"column":59}}],"line":10},"4":{"loc":{"start":{"line":11,"column":30},"end":{"line":11,"column":59}},"type":"binary-expr","locations":[{"start":{"line":11,"column":30},"end":{"line":11,"column":54}},{"start":{"line":11,"column":58},"end":{"line":11,"column":59}}],"line":11},"5":{"loc":{"start":{"line":37,"column":4},"end":{"line":37,"column":45}},"type":"if","locations":[{"start":{"line":37,"column":4},"end":{"line":37,"column":45}},{"start":{},"end":{}}],"line":37},"6":{"loc":{"start":{"line":45,"column":6},"end":{"line":48,"column":7}},"type":"if","locations":[{"start":{"line":45,"column":6},"end":{"line":48,"column":7}},{"start":{},"end":{}}],"line":45},"7":{"loc":{"start":{"line":47,"column":8},"end":{"line":47,"column":62}},"type":"if","locations":[{"start":{"line":47,"column":8},"end":{"line":47,"column":62}},{"start":{},"end":{}}],"line":47},"8":{"loc":{"start":{"line":63,"column":85},"end":{"line":63,"column":101}},"type":"default-arg","locations":[{"start":{"line":63,"column":100},"end":{"line":63,"column":101}}],"line":63},"9":{"loc":{"start":{"line":66,"column":4},"end":{"line":66,"column":53}},"type":"if","locations":[{"start":{"line":66,"column":4},"end":{"line":66,"column":53}},{"start":{},"end":{}}],"line":66},"10":{"loc":{"start":{"line":75,"column":39},"end":{"line":75,"column":83}},"type":"binary-expr","locations":[{"start":{"line":75,"column":39},"end":{"line":75,"column":64}},{"start":{"line":75,"column":68},"end":{"line":75,"column":83}}],"line":75},"11":{"loc":{"start":{"line":79,"column":32},"end":{"line":79,"column":78}},"type":"binary-expr","locations":[{"start":{"line":79,"column":32},"end":{"line":79,"column":59}},{"start":{"line":79,"column":63},"end":{"line":79,"column":78}}],"line":79},"12":{"loc":{"start":{"line":85,"column":10},"end":{"line":91,"column":11}},"type":"if","locations":[{"start":{"line":85,"column":10},"end":{"line":91,"column":11}},{"start":{},"end":{}}],"line":85},"13":{"loc":{"start":{"line":96,"column":4},"end":{"line":96,"column":43}},"type":"if","locations":[{"start":{"line":96,"column":4},"end":{"line":96,"column":43}},{"start":{},"end":{}}],"line":96},"14":{"loc":{"start":{"line":102,"column":11},"end":{"line":102,"column":82}},"type":"binary-expr","locations":[{"start":{"line":102,"column":11},"end":{"line":102,"column":44}},{"start":{"line":102,"column":48},"end":{"line":102,"column":82}}],"line":102},"15":{"loc":{"start":{"line":108,"column":6},"end":{"line":121,"column":7}},"type":"if","locations":[{"start":{"line":108,"column":6},"end":{"line":121,"column":7}},{"start":{},"end":{}}],"line":108},"16":{"loc":{"start":{"line":112,"column":10},"end":{"line":119,"column":11}},"type":"if","locations":[{"start":{"line":112,"column":10},"end":{"line":119,"column":11}},{"start":{},"end":{}}],"line":112},"17":{"loc":{"start":{"line":124,"column":6},"end":{"line":154,"column":7}},"type":"if","locations":[{"start":{"line":124,"column":6},"end":{"line":154,"column":7}},{"start":{},"end":{}}],"line":124},"18":{"loc":{"start":{"line":124,"column":10},"end":{"line":124,"column":62}},"type":"binary-expr","locations":[{"start":{"line":124,"column":10},"end":{"line":124,"column":20}},{"start":{"line":124,"column":24},"end":{"line":124,"column":62}}],"line":124},"19":{"loc":{"start":{"line":131,"column":8},"end":{"line":148,"column":9}},"type":"if","locations":[{"start":{"line":131,"column":8},"end":{"line":148,"column":9}},{"start":{},"end":{}}],"line":131},"20":{"loc":{"start":{"line":139,"column":12},"end":{"line":146,"column":13}},"type":"if","locations":[{"start":{"line":139,"column":12},"end":{"line":146,"column":13}},{"start":{},"end":{}}],"line":139},"21":{"loc":{"start":{"line":151,"column":8},"end":{"line":153,"column":9}},"type":"if","locations":[{"start":{"line":151,"column":8},"end":{"line":153,"column":9}},{"start":{},"end":{}}],"line":151},"22":{"loc":{"start":{"line":166,"column":4},"end":{"line":168,"column":5}},"type":"if","locations":[{"start":{"line":166,"column":4},"end":{"line":168,"column":5}},{"start":{},"end":{}}],"line":166},"23":{"loc":{"start":{"line":192,"column":11},"end":{"line":192,"column":64}},"type":"binary-expr","locations":[{"start":{"line":192,"column":11},"end":{"line":192,"column":56}},{"start":{"line":192,"column":60},"end":{"line":192,"column":64}}],"line":192},"24":{"loc":{"start":{"line":197,"column":0},"end":{"line":201,"column":1}},"type":"if","locations":[{"start":{"line":197,"column":0},"end":{"line":201,"column":1}},{"start":{"line":199,"column":7},"end":{"line":201,"column":1}}],"line":197},"25":{"loc":{"start":{"line":197,"column":4},"end":{"line":197,"column":51}},"type":"binary-expr","locations":[{"start":{"line":197,"column":4},"end":{"line":197,"column":33}},{"start":{"line":197,"column":37},"end":{"line":197,"column":51}}],"line":197}},"s":{"0":30,"1":30,"2":30,"3":30,"4":7,"5":9,"6":30,"7":9,"8":47,"9":9,"10":2,"11":7,"12":7,"13":7,"14":20,"15":20,"16":6,"17":6,"18":3,"19":7,"20":22,"21":22,"22":0,"23":22,"24":22,"25":22,"26":22,"27":22,"28":22,"29":44,"30":44,"31":44,"32":83,"33":83,"34":83,"35":473,"36":473,"37":7,"38":7,"39":7,"40":7,"41":7,"42":22,"43":15,"44":7,"45":7,"46":7,"47":38,"48":38,"49":38,"50":38,"51":34,"52":34,"53":51,"54":51,"55":34,"56":34,"57":34,"58":34,"59":34,"60":34,"61":38,"62":19,"63":19,"64":19,"65":19,"66":17,"67":17,"68":17,"69":17,"70":17,"71":144,"72":144,"73":14,"74":14,"75":14,"76":14,"77":14,"78":14,"79":19,"80":1,"81":7,"82":15,"83":1,"84":14,"85":34,"86":14,"87":14,"88":14,"89":3,"90":3,"91":2,"92":2,"93":0},"f":{"0":30,"1":7,"2":9,"3":30,"4":47,"5":22,"6":15,"7":34,"8":3,"9":3},"b":{"0":[29],"1":[30,29],"2":[30,29],"3":[30,29],"4":[30,29],"5":[2,7],"6":[6,14],"7":[3,3],"8":[0],"9":[0,22],"10":[66,51],"11":[127,90],"12":[7,466],"13":[15,7],"14":[45,40],"15":[34,4],"16":[34,17],"17":[19,19],"18":[38,34],"19":[17,2],"20":[14,130],"21":[1,18],"22":[1,14],"23":[3,1],"24":[2,0],"25":[2,2]},"_coverageSchema":"1a1c01bbd47fc00a2c39e90264f33305004495a9","hash":"6ca11e2aa54b08eb7b4e31b27023c2d1aaeff5e1"}
,"/Users/donald/src/donald.merand.org/lib/unified-nps/src/core/musical-theory.js": {"path":"/Users/donald/src/donald.merand.org/lib/unified-nps/src/core/musical-theory.js","statementMap":{"0":{"start":{"line":8,"column":4},"end":{"line":8,"column":68}},"1":{"start":{"line":9,"column":4},"end":{"line":9,"column":87}},"2":{"start":{"line":10,"column":4},"end":{"line":10,"column":65}},"3":{"start":{"line":19,"column":22},"end":{"line":19,"column":59}},"4":{"start":{"line":20,"column":4},"end":{"line":20,"column":71}},"5":{"start":{"line":20,"column":20},"end":{"line":20,"column":71}},"6":{"start":{"line":22,"column":45},"end":{"line":22,"column":54}},"7":{"start":{"line":23,"column":29},"end":{"line":23,"column":81}},"8":{"start":{"line":25,"column":4},"end":{"line":25,"column":80}},"9":{"start":{"line":34,"column":4},"end":{"line":34,"column":74}},"10":{"start":{"line":43,"column":18},"end":{"line":43,"column":49}},"11":{"start":{"line":44,"column":4},"end":{"line":44,"column":57}},"12":{"start":{"line":53,"column":4},"end":{"line":53,"column":93}},"13":{"start":{"line":53,"column":48},"end":{"line":53,"column":68}},"14":{"start":{"line":53,"column":82},"end":{"line":53,"column":91}},"15":{"start":{"line":63,"column":4},"end":{"line":63,"column":44}},"16":{"start":{"line":73,"column":4},"end":{"line":73,"column":36}},"17":{"start":{"line":85,"column":25},"end":{"line":85,"column":49}},"18":{"start":{"line":86,"column":22},"end":{"line":86,"column":57}},"19":{"start":{"line":88,"column":4},"end":{"line":88,"column":42}},"20":{"start":{"line":88,"column":32},"end":{"line":88,"column":42}},"21":{"start":{"line":91,"column":26},"end":{"line":91,"column":42}},"22":{"start":{"line":92,"column":27},"end":{"line":92,"column":66}},"23":{"start":{"line":95,"column":27},"end":{"line":95,"column":39}},"24":{"start":{"line":96,"column":4},"end":{"line":98,"column":5}},"25":{"start":{"line":96,"column":17},"end":{"line":96,"column":18}},"26":{"start":{"line":97,"column":6},"end":{"line":97,"column":58}},"27":{"start":{"line":101,"column":23},"end":{"line":101,"column":25}},"28":{"start":{"line":102,"column":26},"end":{"line":102,"column":42}},"29":{"start":{"line":104,"column":4},"end":{"line":104,"column":58}},"30":{"start":{"line":107,"column":31},"end":{"line":107,"column":75}},"31":{"start":{"line":108,"column":4},"end":{"line":112,"column":5}},"32":{"start":{"line":108,"column":17},"end":{"line":108,"column":18}},"33":{"start":{"line":109,"column":28},"end":{"line":109,"column":71}},"34":{"start":{"line":110,"column":6},"end":{"line":110,"column":50}},"35":{"start":{"line":111,"column":6},"end":{"line":111,"column":60}},"36":{"start":{"line":114,"column":4},"end":{"line":114,"column":22}},"37":{"start":{"line":123,"column":4},"end":{"line":123,"column":83}},"38":{"start":{"line":128,"column":0},"end":{"line":132,"column":1}},"39":{"start":{"line":129,"column":2},"end":{"line":129,"column":33}},"40":{"start":{"line":131,"column":2},"end":{"line":131,"column":39}}},"fnMap":{"0":{"name":"(anonymous_0)","decl":{"start":{"line":7,"column":2},"end":{"line":7,"column":3}},"loc":{"start":{"line":7,"column":16},"end":{"line":11,"column":3}},"line":7},"1":{"name":"(anonymous_1)","decl":{"start":{"line":18,"column":2},"end":{"line":18,"column":3}},"loc":{"start":{"line":18,"column":21},"end":{"line":26,"column":3}},"line":18},"2":{"name":"(anonymous_2)","decl":{"start":{"line":33,"column":2},"end":{"line":33,"column":3}},"loc":{"start":{"line":33,"column":27},"end":{"line":35,"column":3}},"line":33},"3":{"name":"(anonymous_3)","decl":{"start":{"line":42,"column":2},"end":{"line":42,"column":3}},"loc":{"start":{"line":42,"column":23},"end":{"line":45,"column":3}},"line":42},"4":{"name":"(anonymous_4)","decl":{"start":{"line":52,"column":2},"end":{"line":52,"column":3}},"loc":{"start":{"line":52,"column":33},"end":{"line":54,"column":3}},"line":52},"5":{"name":"(anonymous_5)","decl":{"start":{"line":53,"column":41},"end":{"line":53,"column":42}},"loc":{"start":{"line":53,"column":48},"end":{"line":53,"column":68}},"line":53},"6":{"name":"(anonymous_6)","decl":{"start":{"line":53,"column":77},"end":{"line":53,"column":78}},"loc":{"start":{"line":53,"column":82},"end":{"line":53,"column":91}},"line":53},"7":{"name":"(anonymous_7)","decl":{"start":{"line":62,"column":2},"end":{"line":62,"column":3}},"loc":{"start":{"line":62,"column":12},"end":{"line":64,"column":3}},"line":62},"8":{"name":"(anonymous_8)","decl":{"start":{"line":72,"column":2},"end":{"line":72,"column":3}},"loc":{"start":{"line":72,"column":12},"end":{"line":74,"column":3}},"line":72},"9":{"name":"(anonymous_9)","decl":{"start":{"line":84,"column":2},"end":{"line":84,"column":3}},"loc":{"start":{"line":84,"column":91},"end":{"line":115,"column":3}},"line":84},"10":{"name":"(anonymous_10)","decl":{"start":{"line":122,"column":2},"end":{"line":122,"column":3}},"loc":{"start":{"line":122,"column":35},"end":{"line":124,"column":3}},"line":122}},"branchMap":{"0":{"loc":{"start":{"line":20,"column":4},"end":{"line":20,"column":71}},"type":"if","locations":[{"start":{"line":20,"column":4},"end":{"line":20,"column":71}},{"start":{},"end":{}}],"line":20},"1":{"loc":{"start":{"line":23,"column":29},"end":{"line":23,"column":81}},"type":"cond-expr","locations":[{"start":{"line":23,"column":50},"end":{"line":23,"column":51}},{"start":{"line":23,"column":54},"end":{"line":23,"column":81}}],"line":23},"2":{"loc":{"start":{"line":23,"column":54},"end":{"line":23,"column":81}},"type":"cond-expr","locations":[{"start":{"line":23,"column":75},"end":{"line":23,"column":77}},{"start":{"line":23,"column":80},"end":{"line":23,"column":81}}],"line":23},"3":{"loc":{"start":{"line":44,"column":11},"end":{"line":44,"column":56}},"type":"cond-expr","locations":[{"start":{"line":44,"column":19},"end":{"line":44,"column":46}},{"start":{"line":44,"column":49},"end":{"line":44,"column":56}}],"line":44},"4":{"loc":{"start":{"line":44,"column":31},"end":{"line":44,"column":45}},"type":"binary-expr","locations":[{"start":{"line":44,"column":31},"end":{"line":44,"column":39}},{"start":{"line":44,"column":43},"end":{"line":44,"column":45}}],"line":44},"5":{"loc":{"start":{"line":63,"column":11},"end":{"line":63,"column":43}},"type":"cond-expr","locations":[{"start":{"line":63,"column":21},"end":{"line":63,"column":22}},{"start":{"line":63,"column":25},"end":{"line":63,"column":43}}],"line":63},"6":{"loc":{"start":{"line":84,"column":66},"end":{"line":84,"column":89}},"type":"default-arg","locations":[{"start":{"line":84,"column":88},"end":{"line":84,"column":89}}],"line":84},"7":{"loc":{"start":{"line":88,"column":4},"end":{"line":88,"column":42}},"type":"if","locations":[{"start":{"line":88,"column":4},"end":{"line":88,"column":42}},{"start":{},"end":{}}],"line":88},"8":{"loc":{"start":{"line":123,"column":27},"end":{"line":123,"column":81}},"type":"cond-expr","locations":[{"start":{"line":123,"column":72},"end":{"line":123,"column":75}},{"start":{"line":123,"column":78},"end":{"line":123,"column":81}}],"line":123},"9":{"loc":{"start":{"line":128,"column":0},"end":{"line":132,"column":1}},"type":"if","locations":[{"start":{"line":128,"column":0},"end":{"line":132,"column":1}},{"start":{"line":130,"column":7},"end":{"line":132,"column":1}}],"line":128},"10":{"loc":{"start":{"line":128,"column":4},"end":{"line":128,"column":51}},"type":"binary-expr","locations":[{"start":{"line":128,"column":4},"end":{"line":128,"column":33}},{"start":{"line":128,"column":37},"end":{"line":128,"column":51}}],"line":128}},"s":{"0":50,"1":50,"2":50,"3":114,"4":114,"5":5,"6":109,"7":109,"8":109,"9":107,"10":3,"11":3,"12":16,"13":76,"14":76,"15":39,"16":9,"17":8,"18":8,"19":8,"20":2,"21":6,"22":6,"23":6,"24":6,"25":6,"26":2,"27":6,"28":6,"29":6,"30":6,"31":6,"32":6,"33":93,"34":93,"35":93,"36":6,"37":8,"38":3,"39":3,"40":0},"f":{"0":50,"1":114,"2":107,"3":3,"4":16,"5":76,"6":76,"7":39,"8":9,"9":8,"10":8},"b":{"0":[5,109],"1":[7,102],"2":[2,100],"3":[3,0],"4":[3,1],"5":[12,27],"6":[0],"7":[2,6],"8":[5,3],"9":[3,0],"10":[3,3]},"_coverageSchema":"1a1c01bbd47fc00a2c39e90264f33305004495a9","hash":"2260765f07e34cdc703eabe85c83ff4de36a3a59"}
,"/Users/donald/src/donald.merand.org/lib/unified-nps/src/core/scale-patterns.js": {"path":"/Users/donald/src/donald.merand.org/lib/unified-nps/src/core/scale-patterns.js","statementMap":{"0":{"start":{"line":9,"column":4},"end":{"line":18,"column":6}},"1":{"start":{"line":21,"column":4},"end":{"line":31,"column":6}},"2":{"start":{"line":40,"column":4},"end":{"line":40,"column":57}},"3":{"start":{"line":49,"column":4},"end":{"line":49,"column":59}},"4":{"start":{"line":58,"column":26},"end":{"line":61,"column":5}},"5":{"start":{"line":59,"column":6},"end":{"line":60,"column":78}},"6":{"start":{"line":60,"column":48},"end":{"line":60,"column":77}},"7":{"start":{"line":63,"column":4},"end":{"line":63,"column":51}},"8":{"start":{"line":71,"column":4},"end":{"line":71,"column":53}},"9":{"start":{"line":80,"column":4},"end":{"line":80,"column":53}},"10":{"start":{"line":85,"column":0},"end":{"line":89,"column":1}},"11":{"start":{"line":86,"column":2},"end":{"line":86,"column":33}},"12":{"start":{"line":88,"column":2},"end":{"line":88,"column":39}}},"fnMap":{"0":{"name":"(anonymous_0)","decl":{"start":{"line":7,"column":2},"end":{"line":7,"column":3}},"loc":{"start":{"line":7,"column":16},"end":{"line":32,"column":3}},"line":7},"1":{"name":"(anonymous_1)","decl":{"start":{"line":39,"column":2},"end":{"line":39,"column":3}},"loc":{"start":{"line":39,"column":31},"end":{"line":41,"column":3}},"line":39},"2":{"name":"(anonymous_2)","decl":{"start":{"line":48,"column":2},"end":{"line":48,"column":3}},"loc":{"start":{"line":48,"column":33},"end":{"line":50,"column":3}},"line":48},"3":{"name":"(anonymous_3)","decl":{"start":{"line":57,"column":2},"end":{"line":57,"column":3}},"loc":{"start":{"line":57,"column":40},"end":{"line":64,"column":3}},"line":57},"4":{"name":"(anonymous_4)","decl":{"start":{"line":58,"column":74},"end":{"line":58,"column":75}},"loc":{"start":{"line":59,"column":6},"end":{"line":60,"column":78}},"line":59},"5":{"name":"(anonymous_5)","decl":{"start":{"line":60,"column":27},"end":{"line":60,"column":28}},"loc":{"start":{"line":60,"column":48},"end":{"line":60,"column":77}},"line":60},"6":{"name":"(anonymous_6)","decl":{"start":{"line":70,"column":2},"end":{"line":70,"column":3}},"loc":{"start":{"line":70,"column":23},"end":{"line":72,"column":3}},"line":70},"7":{"name":"(anonymous_7)","decl":{"start":{"line":79,"column":2},"end":{"line":79,"column":3}},"loc":{"start":{"line":79,"column":30},"end":{"line":81,"column":3}},"line":79}},"branchMap":{"0":{"loc":{"start":{"line":40,"column":11},"end":{"line":40,"column":56}},"type":"binary-expr","locations":[{"start":{"line":40,"column":11},"end":{"line":40,"column":48}},{"start":{"line":40,"column":52},"end":{"line":40,"column":56}}],"line":40},"1":{"loc":{"start":{"line":49,"column":11},"end":{"line":49,"column":58}},"type":"binary-expr","locations":[{"start":{"line":49,"column":11},"end":{"line":49,"column":50}},{"start":{"line":49,"column":54},"end":{"line":49,"column":58}}],"line":49},"2":{"loc":{"start":{"line":59,"column":6},"end":{"line":60,"column":78}},"type":"binary-expr","locations":[{"start":{"line":59,"column":6},"end":{"line":59,"column":48}},{"start":{"line":60,"column":6},"end":{"line":60,"column":78}}],"line":59},"3":{"loc":{"start":{"line":63,"column":11},"end":{"line":63,"column":50}},"type":"cond-expr","locations":[{"start":{"line":63,"column":27},"end":{"line":63,"column":43}},{"start":{"line":63,"column":46},"end":{"line":63,"column":50}}],"line":63},"4":{"loc":{"start":{"line":85,"column":0},"end":{"line":89,"column":1}},"type":"if","locations":[{"start":{"line":85,"column":0},"end":{"line":89,"column":1}},{"start":{"line":87,"column":7},"end":{"line":89,"column":1}}],"line":85},"5":{"loc":{"start":{"line":85,"column":4},"end":{"line":85,"column":51}},"type":"binary-expr","locations":[{"start":{"line":85,"column":4},"end":{"line":85,"column":33}},{"start":{"line":85,"column":37},"end":{"line":85,"column":51}}],"line":85}},"s":{"0":30,"1":30,"2":30,"3":13,"4":7,"5":32,"6":34,"7":7,"8":2,"9":7,"10":2,"11":2,"12":0},"f":{"0":30,"1":30,"2":13,"3":7,"4":32,"5":34,"6":2,"7":7},"b":{"0":[30,2],"1":[13,2],"2":[32,7],"3":[5,2],"4":[2,0],"5":[2,2]},"_coverageSchema":"1a1c01bbd47fc00a2c39e90264f33305004495a9","hash":"10da5dff14c7ac1e679fa132c7d849b3f0a052a6"}
}
