TN:
SF:src/core/fretboard-algorithm.js
FN:7,(anonymous_0)
FN:17,(anonymous_1)
FN:33,(anonymous_2)
FN:34,(anonymous_3)
FN:35,(anonymous_4)
FN:63,(anonymous_5)
FN:165,(anonymous_6)
FN:170,(anonymous_7)
FN:182,(anonymous_8)
FN:191,(anonymous_9)
FNF:10
FNH:10
FNDA:30,(anonymous_0)
FNDA:7,(anonymous_1)
FNDA:9,(anonymous_2)
FNDA:30,(anonymous_3)
FNDA:47,(anonymous_4)
FNDA:22,(anonymous_5)
FNDA:15,(anonymous_6)
FNDA:34,(anonymous_7)
FNDA:3,(anonymous_8)
FNDA:3,(anonymous_9)
DA:8,30
DA:9,30
DA:10,30
DA:11,30
DA:18,7
DA:34,30
DA:35,47
DA:37,9
DA:39,7
DA:42,7
DA:43,20
DA:45,20
DA:46,6
DA:47,6
DA:50,7
DA:64,22
DA:66,22
DA:69,22
DA:70,22
DA:71,22
DA:72,22
DA:75,22
DA:76,44
DA:79,44
DA:80,83
DA:82,83
DA:83,473
DA:85,473
DA:86,7
DA:87,7
DA:88,7
DA:89,7
DA:90,7
DA:96,22
DA:99,7
DA:100,7
DA:102,7
DA:103,38
DA:104,38
DA:105,38
DA:108,38
DA:109,34
DA:110,51
DA:112,51
DA:113,34
DA:114,34
DA:115,34
DA:116,34
DA:117,34
DA:118,34
DA:124,38
DA:125,19
DA:126,19
DA:128,19
DA:131,19
DA:132,17
DA:133,17
DA:134,17
DA:136,17
DA:137,144
DA:139,144
DA:140,14
DA:141,14
DA:142,14
DA:143,14
DA:144,14
DA:145,14
DA:151,19
DA:152,1
DA:157,7
DA:166,15
DA:167,1
DA:170,34
DA:171,14
DA:172,14
DA:174,14
DA:183,3
DA:192,3
DA:197,2
DA:198,2
DA:200,0
LF:81
LH:80
BRDA:7,0,0,29
BRDA:8,1,0,30
BRDA:8,1,1,29
BRDA:9,2,0,30
BRDA:9,2,1,29
BRDA:10,3,0,30
BRDA:10,3,1,29
BRDA:11,4,0,30
BRDA:11,4,1,29
BRDA:37,5,0,2
BRDA:37,5,1,7
BRDA:45,6,0,6
BRDA:45,6,1,14
BRDA:47,7,0,3
BRDA:47,7,1,3
BRDA:63,8,0,0
BRDA:66,9,0,0
BRDA:66,9,1,22
BRDA:75,10,0,66
BRDA:75,10,1,51
BRDA:79,11,0,127
BRDA:79,11,1,90
BRDA:85,12,0,7
BRDA:85,12,1,466
BRDA:96,13,0,15
BRDA:96,13,1,7
BRDA:102,14,0,45
BRDA:102,14,1,40
BRDA:108,15,0,34
BRDA:108,15,1,4
BRDA:112,16,0,34
BRDA:112,16,1,17
BRDA:124,17,0,19
BRDA:124,17,1,19
BRDA:124,18,0,38
BRDA:124,18,1,34
BRDA:131,19,0,17
BRDA:131,19,1,2
BRDA:139,20,0,14
BRDA:139,20,1,130
BRDA:151,21,0,1
BRDA:151,21,1,18
BRDA:166,22,0,1
BRDA:166,22,1,14
BRDA:192,23,0,3
BRDA:192,23,1,1
BRDA:197,24,0,2
BRDA:197,24,1,0
BRDA:197,25,0,2
BRDA:197,25,1,2
BRF:50
BRH:47
end_of_record
TN:
SF:src/core/musical-theory.js
FN:7,(anonymous_0)
FN:18,(anonymous_1)
FN:33,(anonymous_2)
FN:42,(anonymous_3)
FN:52,(anonymous_4)
FN:53,(anonymous_5)
FN:53,(anonymous_6)
FN:62,(anonymous_7)
FN:72,(anonymous_8)
FN:84,(anonymous_9)
FN:122,(anonymous_10)
FNF:11
FNH:11
FNDA:50,(anonymous_0)
FNDA:114,(anonymous_1)
FNDA:107,(anonymous_2)
FNDA:3,(anonymous_3)
FNDA:16,(anonymous_4)
FNDA:76,(anonymous_5)
FNDA:76,(anonymous_6)
FNDA:39,(anonymous_7)
FNDA:9,(anonymous_8)
FNDA:8,(anonymous_9)
FNDA:8,(anonymous_10)
DA:8,50
DA:9,50
DA:10,50
DA:19,114
DA:20,114
DA:22,109
DA:23,109
DA:25,109
DA:34,107
DA:43,3
DA:44,3
DA:53,76
DA:63,39
DA:73,9
DA:85,8
DA:86,8
DA:88,8
DA:91,6
DA:92,6
DA:95,6
DA:96,6
DA:97,2
DA:101,6
DA:102,6
DA:104,6
DA:107,6
DA:108,6
DA:109,93
DA:110,93
DA:111,93
DA:114,6
DA:123,8
DA:128,3
DA:129,3
DA:131,0
LF:35
LH:34
BRDA:20,0,0,5
BRDA:20,0,1,109
BRDA:23,1,0,7
BRDA:23,1,1,102
BRDA:23,2,0,2
BRDA:23,2,1,100
BRDA:44,3,0,3
BRDA:44,3,1,0
BRDA:44,4,0,3
BRDA:44,4,1,1
BRDA:63,5,0,12
BRDA:63,5,1,27
BRDA:84,6,0,0
BRDA:88,7,0,2
BRDA:88,7,1,6
BRDA:123,8,0,5
BRDA:123,8,1,3
BRDA:128,9,0,3
BRDA:128,9,1,0
BRDA:128,10,0,3
BRDA:128,10,1,3
BRF:21
BRH:18
end_of_record
TN:
SF:src/core/scale-patterns.js
FN:7,(anonymous_0)
FN:39,(anonymous_1)
FN:48,(anonymous_2)
FN:57,(anonymous_3)
FN:58,(anonymous_4)
FN:60,(anonymous_5)
FN:70,(anonymous_6)
FN:79,(anonymous_7)
FNF:8
FNH:8
FNDA:30,(anonymous_0)
FNDA:30,(anonymous_1)
FNDA:13,(anonymous_2)
FNDA:7,(anonymous_3)
FNDA:32,(anonymous_4)
FNDA:34,(anonymous_5)
FNDA:2,(anonymous_6)
FNDA:7,(anonymous_7)
DA:9,30
DA:21,30
DA:40,30
DA:49,13
DA:58,7
DA:59,32
DA:60,34
DA:63,7
DA:71,2
DA:80,7
DA:85,2
DA:86,2
DA:88,0
LF:13
LH:12
BRDA:40,0,0,30
BRDA:40,0,1,2
BRDA:49,1,0,13
BRDA:49,1,1,2
BRDA:59,2,0,32
BRDA:59,2,1,7
BRDA:63,3,0,5
BRDA:63,3,1,2
BRDA:85,4,0,2
BRDA:85,4,1,0
BRDA:85,5,0,2
BRDA:85,5,1,2
BRF:12
BRH:11
end_of_record
